This is pdfTeX, Version 3.14159265-2.6-1.40.16 (TeX Live 2015/Debian) (preloaded format=pdflatex 2016.4.16)  30 APR 2016 23:54
entering extended mode
 restricted \write18 enabled.
 %&-line parsing enabled.
**HW2.tex
(./HW2.tex
LaTeX2e <2016/02/01>
Babel <3.9q> and hyphenation patterns for 3 language(s) loaded.
(/usr/share/texlive/texmf-dist/tex/latex/base/article.cls
Document Class: article 2014/09/29 v1.4h Standard LaTeX document class
(/usr/share/texlive/texmf-dist/tex/latex/base/size10.clo
File: size10.clo 2014/09/29 v1.4h Standard LaTeX file (size option)
)
\c@part=\count79
\c@section=\count80
\c@subsection=\count81
\c@subsubsection=\count82
\c@paragraph=\count83
\c@subparagraph=\count84
\c@figure=\count85
\c@table=\count86
\abovecaptionskip=\skip41
\belowcaptionskip=\skip42
\bibindent=\dimen102
)
(/usr/share/texlive/texmf-dist/tex/latex/graphics/graphicx.sty
Package: graphicx 2014/10/28 v1.0g Enhanced LaTeX Graphics (DPC,SPQR)

(/usr/share/texlive/texmf-dist/tex/latex/graphics/keyval.sty
Package: keyval 2014/10/28 v1.15 key=value parser (DPC)
\KV@toks@=\toks14
)
(/usr/share/texlive/texmf-dist/tex/latex/graphics/graphics.sty
Package: graphics 2016/01/03 v1.0q Standard LaTeX Graphics (DPC,SPQR)

(/usr/share/texlive/texmf-dist/tex/latex/graphics/trig.sty
Package: trig 2016/01/03 v1.10 sin cos tan (DPC)
)
(/usr/share/texlive/texmf-dist/tex/latex/latexconfig/graphics.cfg
File: graphics.cfg 2010/04/23 v1.9 graphics configuration of TeX Live
)
Package graphics Info: Driver file: pdftex.def on input line 95.

(/usr/share/texlive/texmf-dist/tex/latex/pdftex-def/pdftex.def
File: pdftex.def 2011/05/27 v0.06d Graphics/color for pdfTeX

(/usr/share/texlive/texmf-dist/tex/generic/oberdiek/infwarerr.sty
Package: infwarerr 2010/04/08 v1.3 Providing info/warning/error messages (HO)
)
(/usr/share/texlive/texmf-dist/tex/generic/oberdiek/ltxcmds.sty
Package: ltxcmds 2011/11/09 v1.22 LaTeX kernel commands for general use (HO)
)
\Gread@gobject=\count87
))
\Gin@req@height=\dimen103
\Gin@req@width=\dimen104
)
(/usr/share/texlive/texmf-dist/tex/latex/amsmath/amsmath.sty
Package: amsmath 2016/03/03 v2.15a AMS math features
\@mathmargin=\skip43

For additional information on amsmath, use the `?' option.
(/usr/share/texlive/texmf-dist/tex/latex/amsmath/amstext.sty
Package: amstext 2000/06/29 v2.01 AMS text

(/usr/share/texlive/texmf-dist/tex/latex/amsmath/amsgen.sty
File: amsgen.sty 1999/11/30 v2.0 generic functions
\@emptytoks=\toks15
\ex@=\dimen105
))
(/usr/share/texlive/texmf-dist/tex/latex/amsmath/amsbsy.sty
Package: amsbsy 1999/11/29 v1.2d Bold Symbols
\pmbraise@=\dimen106
)
(/usr/share/texlive/texmf-dist/tex/latex/amsmath/amsopn.sty
Package: amsopn 1999/12/14 v2.01 operator names
)
\inf@bad=\count88
LaTeX Info: Redefining \frac on input line 199.
\uproot@=\count89
\leftroot@=\count90
LaTeX Info: Redefining \overline on input line 297.
\classnum@=\count91
\DOTSCASE@=\count92
LaTeX Info: Redefining \ldots on input line 394.
LaTeX Info: Redefining \dots on input line 397.
LaTeX Info: Redefining \cdots on input line 518.
\Mathstrutbox@=\box26
\strutbox@=\box27
\big@size=\dimen107
LaTeX Font Info:    Redeclaring font encoding OML on input line 630.
LaTeX Font Info:    Redeclaring font encoding OMS on input line 631.
\macc@depth=\count93
\c@MaxMatrixCols=\count94
\dotsspace@=\muskip10
\c@parentequation=\count95
\dspbrk@lvl=\count96
\tag@help=\toks16
\row@=\count97
\column@=\count98
\maxfields@=\count99
\andhelp@=\toks17
\eqnshift@=\dimen108
\alignsep@=\dimen109
\tagshift@=\dimen110
\tagwidth@=\dimen111
\totwidth@=\dimen112
\lineht@=\dimen113
\@envbody=\toks18
\multlinegap=\skip44
\multlinetaggap=\skip45
\mathdisplay@stack=\toks19
LaTeX Info: Redefining \[ on input line 2735.
LaTeX Info: Redefining \] on input line 2736.
)
(/usr/share/texlive/texmf-dist/tex/latex/caption/caption.sty
Package: caption 2016/02/21 v3.3-144 Customizing captions (AR)

(/usr/share/texlive/texmf-dist/tex/latex/caption/caption3.sty
Package: caption3 2016/02/04 v1.7-139 caption3 kernel (AR)
Package caption3 Info: TeX engine: e-TeX on input line 67.
\captionmargin=\dimen114
\captionmargin@=\dimen115
\captionwidth=\dimen116
\caption@tempdima=\dimen117
\caption@indent=\dimen118
\caption@parindent=\dimen119
\caption@hangindent=\dimen120
)
\c@ContinuedFloat=\count100
)
(/usr/share/texlive/texmf-dist/tex/latex/enumitem/enumitem.sty
Package: enumitem 2011/09/28 v3.5.2 Customized lists
\labelindent=\skip46
\enit@outerparindent=\dimen121
\enit@toks=\toks20
\enit@inbox=\box28
\enitdp@description=\count101
)
(/usr/share/texlive/texmf-dist/tex/latex/listings/listings.sty
\lst@mode=\count102
\lst@gtempboxa=\box29
\lst@token=\toks21
\lst@length=\count103
\lst@currlwidth=\dimen122
\lst@column=\count104
\lst@pos=\count105
\lst@lostspace=\dimen123
\lst@width=\dimen124
\lst@newlines=\count106
\lst@lineno=\count107
\lst@maxwidth=\dimen125

(/usr/share/texlive/texmf-dist/tex/latex/listings/lstmisc.sty
File: lstmisc.sty 2015/06/04 1.6 (Carsten Heinz)
\c@lstnumber=\count108
\lst@skipnumbers=\count109
\lst@framebox=\box30
)
(/usr/share/texlive/texmf-dist/tex/latex/listings/listings.cfg
File: listings.cfg 2015/06/04 1.6 listings configuration
))
Package: listings 2015/06/04 1.6 (Carsten Heinz)

(/usr/share/texlive/texmf-dist/tex/latex/caption/subcaption.sty
Package: subcaption 2016/02/20 v1.1-142 Sub-captions (AR)
\c@subfigure=\count110
\c@subtable=\count111
)

LaTeX Warning: Unused global option(s):
    [7pt].

(./HW2.aux)
\openout1 = `HW2.aux'.

LaTeX Font Info:    Checking defaults for OML/cmm/m/it on input line 17.
LaTeX Font Info:    ... okay on input line 17.
LaTeX Font Info:    Checking defaults for T1/cmr/m/n on input line 17.
LaTeX Font Info:    ... okay on input line 17.
LaTeX Font Info:    Checking defaults for OT1/cmr/m/n on input line 17.
LaTeX Font Info:    ... okay on input line 17.
LaTeX Font Info:    Checking defaults for OMS/cmsy/m/n on input line 17.
LaTeX Font Info:    ... okay on input line 17.
LaTeX Font Info:    Checking defaults for OMX/cmex/m/n on input line 17.
LaTeX Font Info:    ... okay on input line 17.
LaTeX Font Info:    Checking defaults for U/cmr/m/n on input line 17.
LaTeX Font Info:    ... okay on input line 17.
 (/usr/share/texlive/texmf-dist/tex/context/base/supp-pdf.mkii
[Loading MPS to PDF converter (version 2006.09.02).]
\scratchcounter=\count112
\scratchdimen=\dimen126
\scratchbox=\box31
\nofMPsegments=\count113
\nofMParguments=\count114
\everyMPshowfont=\toks22
\MPscratchCnt=\count115
\MPscratchDim=\dimen127
\MPnumerator=\count116
\makeMPintoPDFobject=\count117
\everyMPtoPDFconversion=\toks23
) (/usr/share/texlive/texmf-dist/tex/generic/oberdiek/pdftexcmds.sty
Package: pdftexcmds 2011/11/29 v0.20 Utility functions of pdfTeX for LuaTeX (HO
)

(/usr/share/texlive/texmf-dist/tex/generic/oberdiek/ifluatex.sty
Package: ifluatex 2010/03/01 v1.3 Provides the ifluatex switch (HO)
Package ifluatex Info: LuaTeX not detected.
)
(/usr/share/texlive/texmf-dist/tex/generic/oberdiek/ifpdf.sty
Package: ifpdf 2011/01/30 v2.3 Provides the ifpdf switch (HO)
Package ifpdf Info: pdfTeX in PDF mode is detected.
)
Package pdftexcmds Info: LuaTeX not detected.
Package pdftexcmds Info: \pdf@primitive is available.
Package pdftexcmds Info: \pdf@ifprimitive is available.
Package pdftexcmds Info: \pdfdraftmode found.
)
(/usr/share/texlive/texmf-dist/tex/latex/oberdiek/epstopdf-base.sty
Package: epstopdf-base 2010/02/09 v2.5 Base part for package epstopdf

(/usr/share/texlive/texmf-dist/tex/latex/oberdiek/grfext.sty
Package: grfext 2010/08/19 v1.1 Manage graphics extensions (HO)

(/usr/share/texlive/texmf-dist/tex/generic/oberdiek/kvdefinekeys.sty
Package: kvdefinekeys 2011/04/07 v1.3 Define keys (HO)
))
(/usr/share/texlive/texmf-dist/tex/latex/oberdiek/kvoptions.sty
Package: kvoptions 2011/06/30 v3.11 Key value format for package options (HO)

(/usr/share/texlive/texmf-dist/tex/generic/oberdiek/kvsetkeys.sty
Package: kvsetkeys 2012/04/25 v1.16 Key value parser (HO)

(/usr/share/texlive/texmf-dist/tex/generic/oberdiek/etexcmds.sty
Package: etexcmds 2011/02/16 v1.5 Avoid name clashes with e-TeX commands (HO)
Package etexcmds Info: Could not find \expanded.
(etexcmds)             That can mean that you are not using pdfTeX 1.50 or
(etexcmds)             that some package has redefined \expanded.
(etexcmds)             In the latter case, load this package earlier.
)))
Package grfext Info: Graphics extension search list:
(grfext)             [.png,.pdf,.jpg,.mps,.jpeg,.jbig2,.jb2,.PNG,.PDF,.JPG,.JPE
G,.JBIG2,.JB2,.eps]
(grfext)             \AppendGraphicsExtensions on input line 452.

(/usr/share/texlive/texmf-dist/tex/latex/latexconfig/epstopdf-sys.cfg
File: epstopdf-sys.cfg 2010/07/13 v1.3 Configuration of (r)epstopdf for TeX Liv
e
))
Package caption Info: Begin \AtBeginDocument code.
Package caption Info: listings package is loaded.
Package caption Info: End \AtBeginDocument code.
\c@lstlisting=\count118
LaTeX Font Info:    Try loading font information for OMS+cmr on input line 26.

(/usr/share/texlive/texmf-dist/tex/latex/base/omscmr.fd
File: omscmr.fd 2014/09/29 v2.5h Standard LaTeX font definitions
)
LaTeX Font Info:    Font shape `OMS/cmr/m/n' in size <10> not available
(Font)              Font shape `OMS/cmsy/m/n' tried instead on input line 26.

Overfull \hbox (59.24648pt too wide) in paragraph at lines 53--53
[]\OT1/cmtt/m/n/10 ==12400== D   refs:      2,020,686,000  (1,884,982,093 rd   
+ 135,703,907 wr)[] 
 []


Overfull \hbox (59.24648pt too wide) in paragraph at lines 53--53
[]\OT1/cmtt/m/n/10 ==12400== D1  misses:      157,131,716  (  156,797,236 rd   
+     334,480 wr)[] 
 []

[1

{/var/lib/texmf/fonts/map/pdftex/updmap/pdftex.map}]
Overfull \hbox (59.24648pt too wide) in paragraph at lines 53--53
[]\OT1/cmtt/m/n/10 ==12400== LLd misses:          154,269  (       39,487 rd   
+     114,782 wr)[] 
 []


Overfull \hbox (59.24648pt too wide) in paragraph at lines 53--53
[]\OT1/cmtt/m/n/10 ==12400== D1  miss rate:           7.8% (          8.3%     
+         0.2%  )[] 
 []


Overfull \hbox (59.24648pt too wide) in paragraph at lines 53--53
[]\OT1/cmtt/m/n/10 ==12400== LLd miss rate:           0.0% (          0.0%     
+         0.1%  )[] 
 []


Overfull \hbox (59.24648pt too wide) in paragraph at lines 53--53
[]\OT1/cmtt/m/n/10 ==12400== LL refs:         157,133,810  (  156,799,330 rd   
+     334,480 wr)[] 
 []


Overfull \hbox (59.24648pt too wide) in paragraph at lines 53--53
[]\OT1/cmtt/m/n/10 ==12400== LL misses:           156,163  (       41,381 rd   
+     114,782 wr)[] 
 []


Overfull \hbox (59.24648pt too wide) in paragraph at lines 53--53
[]\OT1/cmtt/m/n/10 ==12400== LL miss rate:            0.0% (          0.0%     
+         0.1%  )[] 
 []


Overfull \hbox (227.24501pt too wide) in paragraph at lines 70--70
[] \OT1/cmtt/m/n/10 99.77      7.31     7.31        4     1.83     1.83  matrix
Multiplication(double**, double**, int, int, int)[] 
 []


Overfull \hbox (1.49698pt too wide) in paragraph at lines 70--70
[]  \OT1/cmtt/m/n/10 0.27      7.33     0.02        4     0.01     0.01  getmat
B(int)[] 
 []


Overfull \hbox (6.74693pt too wide) in paragraph at lines 70--70
[]  \OT1/cmtt/m/n/10 0.00      7.33     0.00       12     0.00     0.00  alloca
te(int)[] 
 []


Overfull \hbox (1.49698pt too wide) in paragraph at lines 70--70
[]  \OT1/cmtt/m/n/10 0.00      7.33     0.00        4     0.00     0.00  getmat
A(int)[] 
 []


Overfull \hbox (80.24629pt too wide) in paragraph at lines 70--70
[]  \OT1/cmtt/m/n/10 0.00      7.33     0.00        1     0.00     0.00  _GLOBA
L__sub_I__Z8allocatei[] 
 []


Overfull \hbox (38.24666pt too wide) in paragraph at lines 70--70
[]  \OT1/cmtt/m/n/10 0.00      7.33     0.00        1     0.00     0.00  _GLOBA
L__sub_I_main[] 
 []


Overfull \hbox (206.2452pt too wide) in paragraph at lines 70--70
[]  \OT1/cmtt/m/n/10 0.00      7.33     0.00        1     0.00     0.00  __stat
ic_initialization_and_destruction_0(int, int)[] 
 []


Overfull \hbox (206.2452pt too wide) in paragraph at lines 70--70
[]  \OT1/cmtt/m/n/10 0.00      7.33     0.00        1     0.00     0.00  __stat
ic_initialization_and_destruction_0(int, int)[] 
 []


Overfull \hbox (221.99506pt too wide) in paragraph at lines 113--113
[]                \OT1/cmtt/m/n/10 7.31    0.00       4/4           matrixMulti
plication(double**, double**, int, int, int) [2][] 
 []


Overfull \hbox (1.49698pt too wide) in paragraph at lines 113--113
[]                \OT1/cmtt/m/n/10 0.00    0.00       4/4           getmatA(int
) [35][] 
 []


Overfull \hbox (200.99524pt too wide) in paragraph at lines 113--113
[]\OT1/cmtt/m/n/10 [2]     99.7    7.31    0.00       4         matrixMultiplic
ation(double**, double**, int, int, int) [2][] 
 []


Overfull \hbox (6.74693pt too wide) in paragraph at lines 113--113
[]                \OT1/cmtt/m/n/10 0.00    0.00       4/12          allocate(in
t) [34][] 
 []


Overfull \hbox (6.74693pt too wide) in paragraph at lines 113--113
[]                \OT1/cmtt/m/n/10 0.00    0.00       4/12          allocate(in
t) [34][] 
 []


Overfull \hbox (221.99506pt too wide) in paragraph at lines 113--113
[]                \OT1/cmtt/m/n/10 0.00    0.00       4/12          matrixMulti
plication(double**, double**, int, int, int) [2][] 
 []


Overfull \hbox (1.49698pt too wide) in paragraph at lines 113--113
[]                \OT1/cmtt/m/n/10 0.00    0.00       4/12          getmatA(int
) [35][] 
 []

[2]
Overfull \hbox (6.74693pt too wide) in paragraph at lines 113--113
[]                \OT1/cmtt/m/n/10 0.00    0.00       4/12          allocate(in
t) [34][] 
 []


Overfull \hbox (17.24684pt too wide) in paragraph at lines 113--113
[]                \OT1/cmtt/m/n/10 0.00    0.00       1/1           __libc_csu_
init [72][] 
 []


Overfull \hbox (59.24648pt too wide) in paragraph at lines 113--113
[]\OT1/cmtt/m/n/10 [36]     0.0    0.00    0.00       1         _GLOBAL__sub_I_
_Z8allocatei [36][] 
 []


Overfull \hbox (206.2452pt too wide) in paragraph at lines 113--113
[]                \OT1/cmtt/m/n/10 0.00    0.00       1/1           __static_in
itialization_and_destruction_0(int, int) [39][] 
 []


Overfull \hbox (17.24684pt too wide) in paragraph at lines 113--113
[]                \OT1/cmtt/m/n/10 0.00    0.00       1/1           __libc_csu_
init [72][] 
 []


Overfull \hbox (17.24684pt too wide) in paragraph at lines 113--113
[]\OT1/cmtt/m/n/10 [37]     0.0    0.00    0.00       1         _GLOBAL__sub_I_
main [37][] 
 []


Overfull \hbox (206.2452pt too wide) in paragraph at lines 113--113
[]                \OT1/cmtt/m/n/10 0.00    0.00       1/1           __static_in
itialization_and_destruction_0(int, int) [38][] 
 []


Overfull \hbox (38.24666pt too wide) in paragraph at lines 113--113
[]                \OT1/cmtt/m/n/10 0.00    0.00       1/1           _GLOBAL__su
b_I_main [37][] 
 []


Overfull \hbox (185.24538pt too wide) in paragraph at lines 113--113
[]\OT1/cmtt/m/n/10 [38]     0.0    0.00    0.00       1         __static_initia
lization_and_destruction_0(int, int) [38][] 
 []


Overfull \hbox (80.24629pt too wide) in paragraph at lines 113--113
[]                \OT1/cmtt/m/n/10 0.00    0.00       1/1           _GLOBAL__su
b_I__Z8allocatei [36][] 
 []


Overfull \hbox (185.24538pt too wide) in paragraph at lines 113--113
[]\OT1/cmtt/m/n/10 [39]     0.0    0.00    0.00       1         __static_initia
lization_and_destruction_0(int, int) [39][] 
 []


Overfull \hbox (59.24648pt too wide) in paragraph at lines 134--134
[]\OT1/cmtt/m/n/10 ==12098== D   refs:      2,423,770,656  (2,288,051,762 rd   
+ 135,718,894 wr)[] 
 []


Overfull \hbox (59.24648pt too wide) in paragraph at lines 134--134
[]\OT1/cmtt/m/n/10 ==12098== D1  misses:      157,130,102  (  156,795,102 rd   
+     335,000 wr)[] 
 []


Overfull \hbox (59.24648pt too wide) in paragraph at lines 134--134
[]\OT1/cmtt/m/n/10 ==12098== LLd misses:          155,151  (       39,934 rd   
+     115,217 wr)[] 
 []


Overfull \hbox (59.24648pt too wide) in paragraph at lines 134--134
[]\OT1/cmtt/m/n/10 ==12098== D1  miss rate:           6.5% (          6.9%     
+         0.2%  )[] 
 []


Overfull \hbox (59.24648pt too wide) in paragraph at lines 134--134
[]\OT1/cmtt/m/n/10 ==12098== LLd miss rate:           0.0% (          0.0%     
+         0.1%  )[] 
 []


Overfull \hbox (59.24648pt too wide) in paragraph at lines 134--134
[]\OT1/cmtt/m/n/10 ==12098== LL refs:         157,133,008  (  156,798,008 rd   
+     335,000 wr)[] 
 []


Overfull \hbox (59.24648pt too wide) in paragraph at lines 134--134
[]\OT1/cmtt/m/n/10 ==12098== LL misses:           157,563  (       42,346 rd   
+     115,217 wr)[] 
 []


Overfull \hbox (59.24648pt too wide) in paragraph at lines 134--134
[]\OT1/cmtt/m/n/10 ==12098== LL miss rate:            0.0% (          0.0%     
+         0.1%  )[] 
 []


Overfull \hbox (38.24666pt too wide) in paragraph at lines 147--147
[] \OT1/cmtt/m/n/10 95.57     10.68    10.68                             execut
e_cfa_program[] 
 []


Overfull \hbox (48.74657pt too wide) in paragraph at lines 147--147
[]  \OT1/cmtt/m/n/10 4.38     11.17     0.49                             base_o
f_encoded_value[] 
 []


Overfull \hbox (85.49625pt too wide) in paragraph at lines 147--147
[]  \OT1/cmtt/m/n/10 0.09     11.18     0.01        5     2.00     2.00  read_e
ncoded_value_with_base[] 
 []


Overfull \hbox (227.24501pt too wide) in paragraph at lines 147--147
[]  \OT1/cmtt/m/n/10 0.00     11.18     0.00       13     0.00     0.00  matrix
Multiplication(double**, double**, int, int, int)[] 
 []

[3]
Overfull \hbox (1.49698pt too wide) in paragraph at lines 147--147
[]  \OT1/cmtt/m/n/10 0.00     11.18     0.00        4     0.00     0.00  getmat
B(int)[] 
 []


Overfull \hbox (74.99634pt too wide) in paragraph at lines 147--147
[]  \OT1/cmtt/m/n/10 0.00     11.18     0.00        4     0.00     0.00  printM
at(double**, double)[] 
 []


Overfull \hbox (11.99689pt too wide) in paragraph at lines 194--194
[]\OT1/cmtt/m/n/10 [1]     95.5   10.68    0.00                 execute_cfa_pro
gram [1][] 
 []


Overfull \hbox (22.4968pt too wide) in paragraph at lines 194--194
[]\OT1/cmtt/m/n/10 [2]      4.4    0.49    0.00                 base_of_encoded
_value [2][] 
 []


Overfull \hbox (80.24629pt too wide) in paragraph at lines 194--194
[]                                   \OT1/cmtt/m/n/10 1             read_encode
d_value_with_base [3][] 
 []


Overfull \hbox (1.49698pt too wide) in paragraph at lines 194--194
[]                \OT1/cmtt/m/n/10 0.01    0.00       4/5           allocate(in
t) [4][] 
 []


Overfull \hbox (59.24648pt too wide) in paragraph at lines 194--194
[]\OT1/cmtt/m/n/10 [3]      0.1    0.01    0.00       5+1       read_encoded_va
lue_with_base [3][] 
 []


Overfull \hbox (227.24501pt too wide) in paragraph at lines 194--194
[]                \OT1/cmtt/m/n/10 0.00    0.00       4/13          matrixMulti
plication(double**, double**, int, int, int) [33][] 
 []


Overfull \hbox (80.24629pt too wide) in paragraph at lines 194--194
[]                                   \OT1/cmtt/m/n/10 1             read_encode
d_value_with_base [3][] 
 []


Overfull \hbox (80.24629pt too wide) in paragraph at lines 194--194
[]                \OT1/cmtt/m/n/10 0.01    0.00       4/5           read_encode
d_value_with_base [3][] 
 []


Overfull \hbox (1.49698pt too wide) in paragraph at lines 194--194
[]                \OT1/cmtt/m/n/10 0.00    0.00       4/4           getmatB(int
) [34][] 
 []


Overfull \hbox (74.99634pt too wide) in paragraph at lines 194--194
[]                \OT1/cmtt/m/n/10 0.00    0.00       4/4           printMat(do
uble**, double) [35][] 
 []


Overfull \hbox (80.24629pt too wide) in paragraph at lines 194--194
[]                \OT1/cmtt/m/n/10 0.00    0.00       1/5           read_encode
d_value_with_base [3][] 
 []


Overfull \hbox (227.24501pt too wide) in paragraph at lines 194--194
[]                \OT1/cmtt/m/n/10 0.00    0.00       1/13          matrixMulti
plication(double**, double**, int, int, int) [33][] 
 []


Overfull \hbox (227.24501pt too wide) in paragraph at lines 194--194
[]                                   \OT1/cmtt/m/n/10 1             matrixMulti
plication(double**, double**, int, int, int) [33][] 
 []


Overfull \hbox (74.99634pt too wide) in paragraph at lines 194--194
[]                \OT1/cmtt/m/n/10 0.00    0.00       4/13          printMat(do
uble**, double) [35][] 
 []


Overfull \hbox (206.2452pt too wide) in paragraph at lines 194--194
[]                \OT1/cmtt/m/n/10 0.00    0.00       4/13          __static_in
itialization_and_destruction_0(int, int) [61][] 
 []


Overfull \hbox (80.24629pt too wide) in paragraph at lines 194--194
[]                \OT1/cmtt/m/n/10 0.00    0.00       4/13          read_encode
d_value_with_base [3][] 
 []


Overfull \hbox (206.2452pt too wide) in paragraph at lines 194--194
[]\OT1/cmtt/m/n/10 [33]     0.0    0.00    0.00      13+1       matrixMultiplic
ation(double**, double**, int, int, int) [33][] 
 []


Overfull \hbox (227.24501pt too wide) in paragraph at lines 194--194
[]                                   \OT1/cmtt/m/n/10 1             matrixMulti
plication(double**, double**, int, int, int) [33][] 
 []


Overfull \hbox (1.49698pt too wide) in paragraph at lines 194--194
[]                \OT1/cmtt/m/n/10 0.00    0.00       4/4           allocate(in
t) [4][] 
 []


Overfull \hbox (1.49698pt too wide) in paragraph at lines 194--194
[]                \OT1/cmtt/m/n/10 0.00    0.00       4/4           allocate(in
t) [4][] 
 []


Overfull \hbox (53.99652pt too wide) in paragraph at lines 194--194
[]\OT1/cmtt/m/n/10 [35]     0.0    0.00    0.00       4         printMat(double
**, double) [35][] 
 []

[4]
Overfull \hbox (227.24501pt too wide) in paragraph at lines 194--194
[]                \OT1/cmtt/m/n/10 0.00    0.00       4/13          matrixMulti
plication(double**, double**, int, int, int) [33][] 
 []


Overfull \hbox (27.74675pt too wide) in paragraph at lines 216--216
[]\OT1/cmtt/m/n/10 ==12277== D   refs:       31,781,643  (20,879,438 rd   + 10,
902,205 wr)[] 
 []


Overfull \hbox (27.74675pt too wide) in paragraph at lines 216--216
[]\OT1/cmtt/m/n/10 ==12277== D1  misses:        420,242  (   326,607 rd   +    
 93,635 wr)[] 
 []


Overfull \hbox (27.74675pt too wide) in paragraph at lines 216--216
[]\OT1/cmtt/m/n/10 ==12277== LLd misses:        125,191  (    67,962 rd   +    
 57,229 wr)[] 
 []


Overfull \hbox (27.74675pt too wide) in paragraph at lines 216--216
[]\OT1/cmtt/m/n/10 ==12277== D1  miss rate:         1.3% (       1.6%     +    
    0.9%  )[] 
 []


Overfull \hbox (27.74675pt too wide) in paragraph at lines 216--216
[]\OT1/cmtt/m/n/10 ==12277== LLd miss rate:         0.4% (       0.3%     +    
    0.5%  )[] 
 []


Overfull \hbox (27.74675pt too wide) in paragraph at lines 216--216
[]\OT1/cmtt/m/n/10 ==12277== LL refs:           510,584  (   416,949 rd   +    
 93,635 wr)[] 
 []


Overfull \hbox (27.74675pt too wide) in paragraph at lines 216--216
[]\OT1/cmtt/m/n/10 ==12277== LL misses:         138,124  (    80,895 rd   +    
 57,229 wr)[] 
 []


Overfull \hbox (27.74675pt too wide) in paragraph at lines 216--216
[]\OT1/cmtt/m/n/10 ==12277== LL miss rate:          0.1% (       0.1%     +    
    0.5%  )[] 
 []


Overfull \hbox (227.24501pt too wide) in paragraph at lines 234--234
[] \OT1/cmtt/m/n/10 99.26      3.91     3.91        4   977.69   977.69  matrix
Multiplication(double**, double**, int, int, int)[] 
 []


Overfull \hbox (1.49698pt too wide) in paragraph at lines 234--234
[]  \OT1/cmtt/m/n/10 0.51      3.93     0.02        4     5.00     5.00  getmat
B(int)[] 
 []


Overfull \hbox (1.49698pt too wide) in paragraph at lines 234--234
[]  \OT1/cmtt/m/n/10 0.25      3.94     0.01        4     2.50     2.50  getmat
A(int)[] 
 []


Overfull \hbox (6.74693pt too wide) in paragraph at lines 234--234
[]  \OT1/cmtt/m/n/10 0.00      3.94     0.00       12     0.00     0.00  alloca
te(int)[] 
 []


Overfull \hbox (80.24629pt too wide) in paragraph at lines 234--234
[]  \OT1/cmtt/m/n/10 0.00      3.94     0.00        1     0.00     0.00  _GLOBA
L__sub_I__Z8allocatei[] 
 []


Overfull \hbox (38.24666pt too wide) in paragraph at lines 234--234
[]  \OT1/cmtt/m/n/10 0.00      3.94     0.00        1     0.00     0.00  _GLOBA
L__sub_I_main[] 
 []


Overfull \hbox (206.2452pt too wide) in paragraph at lines 234--234
[]  \OT1/cmtt/m/n/10 0.00      3.94     0.00        1     0.00     0.00  __stat
ic_initialization_and_destruction_0(int, int)[] 
 []


Overfull \hbox (206.2452pt too wide) in paragraph at lines 234--234
[]  \OT1/cmtt/m/n/10 0.00      3.94     0.00        1     0.00     0.00  __stat
ic_initialization_and_destruction_0(int, int)[] 
 []


Overfull \hbox (221.99506pt too wide) in paragraph at lines 276--276
[]                \OT1/cmtt/m/n/10 3.91    0.00       4/4           matrixMulti
plication(double**, double**, int, int, int) [2][] 
 []

[5]
Overfull \hbox (200.99524pt too wide) in paragraph at lines 276--276
[]\OT1/cmtt/m/n/10 [2]     99.2    3.91    0.00       4         matrixMultiplic
ation(double**, double**, int, int, int) [2][] 
 []


Overfull \hbox (6.74693pt too wide) in paragraph at lines 276--276
[]                \OT1/cmtt/m/n/10 0.00    0.00       4/12          allocate(in
t) [35][] 
 []


Overfull \hbox (6.74693pt too wide) in paragraph at lines 276--276
[]                \OT1/cmtt/m/n/10 0.00    0.00       4/12          allocate(in
t) [35][] 
 []


Overfull \hbox (6.74693pt too wide) in paragraph at lines 276--276
[]                \OT1/cmtt/m/n/10 0.00    0.00       4/12          allocate(in
t) [35][] 
 []


Overfull \hbox (221.99506pt too wide) in paragraph at lines 276--276
[]                \OT1/cmtt/m/n/10 0.00    0.00       4/12          matrixMulti
plication(double**, double**, int, int, int) [2][] 
 []


Overfull \hbox (22.4968pt too wide) in paragraph at lines 276--276
[]                \OT1/cmtt/m/n/10 0.00    0.00       1/1           __libc_csu_
init [301][] 
 []


Overfull \hbox (59.24648pt too wide) in paragraph at lines 276--276
[]\OT1/cmtt/m/n/10 [36]     0.0    0.00    0.00       1         _GLOBAL__sub_I_
_Z8allocatei [36][] 
 []


Overfull \hbox (206.2452pt too wide) in paragraph at lines 276--276
[]                \OT1/cmtt/m/n/10 0.00    0.00       1/1           __static_in
itialization_and_destruction_0(int, int) [39][] 
 []


Overfull \hbox (22.4968pt too wide) in paragraph at lines 276--276
[]                \OT1/cmtt/m/n/10 0.00    0.00       1/1           __libc_csu_
init [301][] 
 []


Overfull \hbox (17.24684pt too wide) in paragraph at lines 276--276
[]\OT1/cmtt/m/n/10 [37]     0.0    0.00    0.00       1         _GLOBAL__sub_I_
main [37][] 
 []


Overfull \hbox (206.2452pt too wide) in paragraph at lines 276--276
[]                \OT1/cmtt/m/n/10 0.00    0.00       1/1           __static_in
itialization_and_destruction_0(int, int) [38][] 
 []


Overfull \hbox (38.24666pt too wide) in paragraph at lines 276--276
[]                \OT1/cmtt/m/n/10 0.00    0.00       1/1           _GLOBAL__su
b_I_main [37][] 
 []


Overfull \hbox (185.24538pt too wide) in paragraph at lines 276--276
[]\OT1/cmtt/m/n/10 [38]     0.0    0.00    0.00       1         __static_initia
lization_and_destruction_0(int, int) [38][] 
 []


Overfull \hbox (80.24629pt too wide) in paragraph at lines 276--276
[]                \OT1/cmtt/m/n/10 0.00    0.00       1/1           _GLOBAL__su
b_I__Z8allocatei [36][] 
 []


Overfull \hbox (185.24538pt too wide) in paragraph at lines 276--276
[]\OT1/cmtt/m/n/10 [39]     0.0    0.00    0.00       1         __static_initia
lization_and_destruction_0(int, int) [39][] 
 []


Overfull \hbox (242.99487pt too wide) in paragraph at lines 304--304
[] \OT1/cmtt/m/n/10 99.50%  2.04847s      1800  1.1380ms  101.58us  1.6545ms  m
atrixMultiplication(double*, double*, double*, int*)[] 
 []


Overfull \hbox (59.24648pt too wide) in paragraph at lines 304--304
[]  \OT1/cmtt/m/n/10 0.26%  5.3633ms      1808  2.9660us     736ns  2.1503ms  [
CUDA memcpy HtoD][] 
 []


Overfull \hbox (59.24648pt too wide) in paragraph at lines 304--304
[]  \OT1/cmtt/m/n/10 0.24%  4.9419ms      1800  2.7450us  1.8560us  3.8400us  [
CUDA memcpy DtoH][] 
 []

[6]
Overfull \hbox (17.24684pt too wide) in paragraph at lines 304--304
[] \OT1/cmtt/m/n/10 95.71%  2.09160s      3608  579.71us  5.9730us  2.2995ms  c
udaMemcpy[] 
 []


Overfull \hbox (17.24684pt too wide) in paragraph at lines 304--304
[]  \OT1/cmtt/m/n/10 3.38%  73.804ms        16  4.6128ms  9.0570us  72.492ms  c
udaMalloc[] 
 []


Overfull \hbox (17.24684pt too wide) in paragraph at lines 304--304
[]  \OT1/cmtt/m/n/10 0.73%  15.920ms      1800  8.8440us  7.9000us  33.829us  c
udaLaunch[] 
 []


Overfull \hbox (53.99652pt too wide) in paragraph at lines 304--304
[]  \OT1/cmtt/m/n/10 0.07%  1.5746ms      7200     218ns     179ns  3.9520us  c
udaSetupArgument[] 
 []


Overfull \hbox (53.99652pt too wide) in paragraph at lines 304--304
[]  \OT1/cmtt/m/n/10 0.05%  1.0184ms      1800     565ns     347ns  299.50us  c
udaConfigureCall[] 
 []


Overfull \hbox (6.74693pt too wide) in paragraph at lines 304--304
[]  \OT1/cmtt/m/n/10 0.04%  881.32us        16  55.082us  10.497us  110.55us  c
udaFree[] 
 []


Overfull \hbox (69.74638pt too wide) in paragraph at lines 304--304
[]  \OT1/cmtt/m/n/10 0.02%  368.89us        83  4.4440us     261ns  150.48us  c
uDeviceGetAttribute[] 
 []


Overfull \hbox (43.49661pt too wide) in paragraph at lines 304--304
[]  \OT1/cmtt/m/n/10 0.00%  48.410us         1  48.410us  48.410us  48.410us  c
uDeviceGetName[] 
 []


Overfull \hbox (48.74657pt too wide) in paragraph at lines 304--304
[]  \OT1/cmtt/m/n/10 0.00%  43.185us         1  43.185us  43.185us  43.185us  c
uDeviceTotalMem[] 
 []


Overfull \hbox (48.74657pt too wide) in paragraph at lines 304--304
[]  \OT1/cmtt/m/n/10 0.00%  2.7210us         2  1.3600us     617ns  2.1040us  c
uDeviceGetCount[] 
 []


Overfull \hbox (22.4968pt too wide) in paragraph at lines 304--304
[]  \OT1/cmtt/m/n/10 0.00%     947ns         2     473ns     358ns     589ns  c
uDeviceGet[] 
 []

[7] (./HW2.aux) ) 
Here is how much of TeX's memory you used:
 4672 strings out of 494953
 70235 string characters out of 6180977
 143602 words of memory out of 5000000
 7922 multiletter control sequences out of 15000+600000
 8737 words of font info for 32 fonts, out of 8000000 for 9000
 14 hyphenation exceptions out of 8191
 38i,6n,38p,269b,255s stack positions out of 5000i,500n,10000p,200000b,80000s
</usr/share/texlive/texmf-dist/fonts/type1/public/amsfonts/cm/
cmbx10.pfb></usr/share/texlive/texmf-dist/fonts/type1/public/amsfonts/cm/cmbx12
.pfb></usr/share/texlive/texmf-dist/fonts/type1/public/amsfonts/cm/cmr10.pfb></
usr/share/texlive/texmf-dist/fonts/type1/public/amsfonts/cm/cmr12.pfb></usr/sha
re/texlive/texmf-dist/fonts/type1/public/amsfonts/cm/cmr17.pfb></usr/share/texl
ive/texmf-dist/fonts/type1/public/amsfonts/cm/cmsy10.pfb></usr/share/texlive/te
xmf-dist/fonts/type1/public/amsfonts/cm/cmtt10.pfb>
Output written on HW2.pdf (7 pages, 100279 bytes).
PDF statistics:
 56 PDF objects out of 1000 (max. 8388607)
 39 compressed objects within 1 object stream
 0 named destinations out of 1000 (max. 500000)
 1 words of extra memory for PDF output out of 10000 (max. 10000000)

